Arguments: 
  C:\Program Files\nodejs\node.exe C:\Users\ankit\AppData\Roaming\npm\node_modules\yarn\bin\yarn.js add @material-ui/core react-contenteditable material-ui-color-picker

PATH: 
  C:\Program Files\Common Files\Oracle\Java\javapath;C:\Program Files (x86)\Intel\iCLS Client\;C:\Program Files\Intel\iCLS Client\;C:\Windows\system32;C:\Windows;C:\Windows\System32\Wbem;C:\Windows\System32\WindowsPowerShell\v1.0\;C:\Program Files (x86)\Intel\Intel(R) Management Engine Components\DAL;C:\Program Files\Intel\Intel(R) Management Engine Components\DAL;C:\Program Files (x86)\Intel\Intel(R) Management Engine Components\IPT;C:\Program Files\Intel\Intel(R) Management Engine Components\IPT;C:\Program Files (x86)\NVIDIA Corporation\PhysX\Common;C:\Program Files\NVIDIA Corporation\NVIDIA NvDLISR;C:\WINDOWS\system32;C:\WINDOWS;C:\WINDOWS\System32\Wbem;C:\WINDOWS\System32\WindowsPowerShell\v1.0\;C:\WINDOWS\System32\OpenSSH\;C:\Program Files\Java\jdk-13.0.2\bin;C:\Program Files\Git\cmd;C:\Users\ankit\AppData\Roaming\nvm;C:\Program Files\nodejs;C:\Users\ankit\AppData\Local\pnpm;C:\Program Files\MySQL\MySQL Shell 8.0\bin\;C:\Users\ankit\AppData\Local\Microsoft\WindowsApps;C:\Users\ankit\AppData\Roaming\Dashlane\5.14.0.21388\bin\Firefox_Extension\{442718d9-475e-452a-b3e1-fb1ee16b8e9f}\components;C:\Users\ankit\AppData\Roaming\Dashlane\5.14.0.21388\ucrt;C:\Users\ankit\AppData\Local\Programs\Microsoft VS Code\bin;C:\Users\ankit\AppData\Local\GitHubDesktop\bin;C:\Users\ankit\AppData\Roaming\npm;C:\Users\ankit\AppData\Roaming\nvm;C:\Program Files\nodejs

Yarn version: 
  1.22.19

Node version: 
  16.13.0

Platform: 
  win32 x64

Trace: 
  Error: https://registry.yarnpkg.com/bootstrap-icons/-/bootstrap-icons-1.10.2.tgz: ESOCKETTIMEDOUT
      at ClientRequest.<anonymous> (C:\Users\ankit\AppData\Roaming\npm\node_modules\yarn\lib\cli.js:141517:19)
      at Object.onceWrapper (node:events:509:28)
      at ClientRequest.emit (node:events:390:28)
      at TLSSocket.emitRequestTimeout (node:_http_client:763:9)
      at Object.onceWrapper (node:events:509:28)
      at TLSSocket.emit (node:events:402:35)
      at TLSSocket.Socket._onTimeout (node:net:501:8)
      at listOnTimeout (node:internal/timers:557:17)
      at processTimers (node:internal/timers:500:7)

npm manifest: 
  {
    "name": "deep-cms",
    "version": "0.1.0",
    "private": true,
    "dependencies": {
      "@craftjs/core": "^0.2.0-beta.8",
      "@testing-library/jest-dom": "^5.16.5",
      "@testing-library/react": "^13.4.0",
      "@testing-library/user-event": "^13.5.0",
      "bootstrap": "^5.2.3",
      "bootstrap-icons": "^1.10.2",
      "react": "^18.2.0",
      "react-colorful": "^5.6.1",
      "react-contenteditable": "^3.3.6",
      "react-dom": "^18.2.0",
      "react-router-dom": "^6.6.0",
      "react-scripts": "5.0.1",
      "react-strap": "^0.0.1",
      "web-vitals": "^2.1.4"
    },
    "scripts": {
      "start": "react-scripts start",
      "build": "react-scripts build",
      "test": "react-scripts test",
      "eject": "react-scripts eject"
    },
    "eslintConfig": {
      "extends": [
        "react-app",
        "react-app/jest"
      ]
    },
    "browserslist": {
      "production": [
        ">0.2%",
        "not dead",
        "not op_mini all"
      ],
      "development": [
        "last 1 chrome version",
        "last 1 firefox version",
        "last 1 safari version"
      ]
    }
  }

yarn manifest: 
  No manifest

Lockfile: 
  No lockfile
